0: process 1 (pid 23131, parent 23130) has STARTED with balance $10
0: process 3 (pid 23133, parent 23130) has STARTED with balance $30
0: process 2 (pid 23132, parent 23130) has STARTED with balance $20
3: process 1 received all STARTED messages
3: process 2 received all STARTED messages
3: process 3 received all STARTED messages
7: process 1 transferred $ 1 to process 2
9: process 2 received $ 1 from process 1
13: process 2 transferred $ 2 to process 3
15: process 3 received $ 2 from process 2
19: process 3 transferred $ 1 to process 1
21: process 1 received $ 1 from process 3
24: process 1 has DONE with balance $10
24: process 2 has DONE with balance $19
24: process 3 has DONE with balance $31
27: process 3 received all DONE messages
27: process 2 received all DONE messages
27: process 1 received all DONE messages
ages
10: process 6 received all STARTED messages
10: process 1 received all STARTED messages
10: process 7 received all STARTED messages
10: process 2 received all STARTED messages
14: process 1 transferred $ 1 to process 2
16: process 2 received $ 1 from process 1
