pipe [0][1] is opened
pipe [1][0] is opened
pipe [0][2] is opened
pipe [2][0] is opened
pipe [0][3] is opened
pipe [3][0] is opened
pipe [1][0] is opened
pipe [0][1] is opened
pipe [1][2] is opened
pipe [2][1] is opened
pipe [1][3] is opened
pipe [3][1] is opened
pipe [2][0] is opened
pipe [0][2] is opened
pipe [2][1] is opened
pipe [1][2] is opened
pipe [2][3] is opened
pipe [3][2] is opened
pipe [3][0] is opened
pipe [0][3] is opened
pipe [3][1] is opened
pipe [1][3] is opened
pipe [3][2] is opened
pipe [2][3] is opened
pipe [1][0] is closed
pipe [1][2] is closed
pipe [1][3] is closed
pipe [0][1] is closed
pipe [0][1] is closed
pipe [0][1] is closed
pipe [2][0] is closed
pipe [0][2] is closed
pipe [2][1] is closed
pipe [0][2] is closed
pipe [0][2] is closed
pipe [0][3] is closed
pipe [2][3] is closed
pipe [0][3] is closed
pipe [0][3] is closed
pipe [3][0] is closed
pipe [2][0] is closed
pipe [1][0] is closed
pipe [3][1] is closed
pipe [1][0] is closed
pipe [2][1] is closed
pipe [1][2] is closed
pipe [3][2] is closed
pipe [2][3] is closed
pipe [1][2] is closed
pipe [1][3] is closed
pipe [3][0] is closed
pipe [1][3] is closed
pipe [2][0] is closed
pipe [3][1] is closed
pipe [3][0] is closed
pipe [2][1] is closed
pipe [3][2] is closed
pipe [3][1] is closed
pipe [2][3] is closed
pipe [3][2] is closed
E [5][3] OPENED
PIPE [3][6] OPENED
PIPE [6][3] OPENED
PIPE [3][7] OPENED
PIPE [7][3] OPENED
PIPE [3][8] OPENED
PIPE [8][3] OPENED
PIPE [3][9] OPENED
PIPE [9][3] OPENED
PIPE [3][10] OPENED
PIPE [10][3] OPENED
PIPE [4][0] OPENED
PIPE [0][4] OPENED
PIPE [4][1] OPENED
PIPE [1][4] OPENED
PIPE [4][2] OPENED
PIPE [2][4] OPENED
PIPE [4][3] OPENED
PIPE [3][4] OPENED
PIPE [4][5] OPENED
PIPE [5][4] OPENED
PIPE [4][6] OPENED
PIPE [6][4] OPENED
PIPE [4][7] OPENED
PIPE [7][4] OPENED
PIPE [4][8] OPENED
PIPE [8][4] OPENED
PIPE [4][9] OPENED
PIPE [9][4] OPENED
PIPE [4][10] OPENED
PIPE [10][4] OPENED
PIPE [5][0] OPENED
PIPE [0][5] OPENED
PIPE [5][1] OPENED
PIPE [1][5] OPENED
PIPE [5][2] OPENED
PIPE [2][5] OPENED
PIPE [5][3] OPENED
PIPE [3][5] OPENED
PIPE [5][4] OPENED
PIPE [4][5] OPENED
PIPE [5][6] OPENED
PIPE [6][5] OPENED
PIPE [5][7] OPENED
PIPE [7][5] OPENED
PIPE [5][8] OPENED
PIPE [8][5] OPENED
PIPE [5][9] OPENED
PIPE [9][5] OPENED
PIPE [5][10] OPENED
PIPE [10][5] OPENED
PIPE [6][0] OPENED
PIPE [0][6] OPENED
PIPE [6][1] OPENED
PIPE [1][6] OPENED
PIPE [6][2] OPENED
PIPE [2][6] OPENED
PIPE [6][3] OPENED
PIPE [3][6] OPENED
PIPE [6][4] OPENED
PIPE [4][6] OPENED
PIPE [6][5] OPENED
PIPE [5][6] OPENED
PIPE [6][7] OPENED
PIPE [7][6] OPENED
PIPE [6][8] OPENED
PIPE [8][6] OPENED
PIPE [6][9] OPENED
PIPE [9][6] OPENED
PIPE [6][10] OPENED
PIPE [10][6] OPENED
PIPE [7][0] OPENED
PIPE [0][7] OPENED
PIPE [7][1] OPENED
PIPE [1][7] OPENED
PIPE [7][2] OPENED
PIPE [2][7] OPENED
PIPE [7][3] OPENED
PIPE [3][7] OPENED
PIPE [7][4] OPENED
PIPE [4][7] OPENED
PIPE [7][5] OPENED
PIPE [5][7] OPENED
PIPE [7][6] OPENED
PIPE [6][7] OPENED
PIPE [7][8] OPENED
PIPE [8][7] OPENED
PIPE [7][9] OPENED
PIPE [9][7] OPENED
PIPE [7][10] OPENED
PIPE [10][7] OPENED
PIPE [8][0] OPENED
PIPE [0][8] OPENED
PIPE [8][1] OPENED
PIPE [1][8] OPENED
PIPE [8][2] OPENED
PIPE [2][8] OPENED
PIPE [8][3] OPENED
PIPE [3][8] OPENED
PIPE [8][4] OPENED
PIPE [4][8] OPENED
PIPE [8][5] OPENED
PIPE [5][8] OPENED
PIPE [8][6] OPENED
PIPE [6][8] OPENED
PIPE [8][7] OPENED
PIPE [7][8] OPENED
PIPE [8][9] OPENED
PIPE [9][8] OPENED
PIPE [8][10] OPENED
PIPE [10][8] OPENED
PIPE [9][0] OPENED
PIPE [0][9] OPENED
PIPE [9][1] OPENED
PIPE [1][9] OPENED
PIPE [9][2] OPENED
PIPE [2][9] OPENED
PIPE [9][3] OPENED
PIPE [3][9] OPENED
PIPE [9][4] OPENED
PIPE [4][9] OPENED
PIPE [9][5] OPENED
PIPE [5][9] OPENED
PIPE [9][6] OPENED
PIPE [6][9] OPENED
PIPE [9][7] OPENED
PIPE [7][9] OPENED
PIPE [9][8] OPENED
PIPE [8][9] OPENED
PIPE [9][10] OPENED
PIPE [10][9] OPENED
PIPE [10][0] OPENED
PIPE [0][10] OPENED
PIPE [10][1] OPENED
PIPE [1][10] OPENED
PIPE [10][2] OPENED
PIPE [2][10] OPENED
PIPE [10][3] OPENED
PIPE [3][10] OPENED
PIPE [10][4] OPENED
PIPE [4][10] OPENED
PIPE [10][5] OPENED
PIPE [5][10] OPENED
PIPE [10][6] OPENED
PIPE [6][10] OPENED
PIPE [10][7] OPENED
PIPE [7][10] OPENED
PIPE [10][8] OPENED
PIPE [8][10] OPENED
PIPE [10][9] OPENED
PIPE [9][10] OPENED
PIPE [1][0] CLOSED
PIPE [1][2] CLOSED
PIPE [1][3] CLOSED
PIPE [1][4] CLOSED
PIPE [1][5] CLOSED
PIPE [1][6] CLOSED
PIPE [1][7] CLOSED
PIPE [1][8] CLOSED
PIPE [0][1] CLOSED
PIPE [0][1] CLOSED
PIPE [0][1] CLOSED
PIPE [0][1] CLOSED
PIPE [0][1] CLOSED
PIPE [0][1] CLOSED
PIPE [0][1] CLOSED
PIPE [0][1] CLOSED
PIPE [0][1] CLOSED
PIPE [1][9] CLOSED
PIPE [1][10] CLOSED
PIPE [2][0] CLOSED
PIPE [0][2] CLOSED
PIPE [0][2] CLOSED
PIPE [0][2] CLOSED
PIPE [0][2] CLOSED
PIPE [0][2] CLOSED
PIPE [0][2] CLOSED
PIPE [0][2] CLOSED
PIPE [0][2] CLOSED
PIPE [0][2] CLOSED
PIPE [2][1] CLOSED
PIPE [2][3] CLOSED
PIPE [2][4] CLOSED
PIPE [2][5] CLOSED
PIPE [0][3] CLOSED
PIPE [0][3] CLOSED
PIPE [0][3] CLOSED
PIPE [0][3] CLOSED
PIPE [0][3] CLOSED
PIPE [0][3] CLOSED
PIPE [0][3] CLOSED
PIPE [0][3] CLOSED
PIPE [0][3] CLOSED
PIPE [2][6] CLOSED
PIPE [2][7] CLOSED
PIPE [2][8] CLOSED
PIPE [0][4] CLOSED
PIPE [0][4] CLOSED
PIPE [0][4] CLOSED
PIPE [0][4] CLOSED
PIPE [0][4] CLOSED
PIPE [0][4] CLOSED
PIPE [0][4] CLOSED
PIPE [0][4] CLOSED
PIPE [0][4] CLOSED
PIPE [2][9] CLOSED
PIPE [0][5] CLOSED
PIPE [0][5] CLOSED
PIPE [0][5] CLOSED
PIPE [2][10] CLOSED
PIPE [3][0] CLOSED
PIPE [3][1] CLOSED
PIPE [0][6] CLOSED
PIPE [0][6] CLOSED
PIPE [0][5] CLOSED
PIPE [0][5] CLOSED
PIPE [0][5] CLOSED
PIPE [0][5] CLOSED
PIPE [0][5] CLOSED
PIPE [0][5] CLOSED
PIPE [0][6] CLOSED
PIPE [3][2] CLOSED
PIPE [0][7] CLOSED
PIPE [0][7] CLOSED
PIPE [0][6] CLOSED
PIPE [0][6] CLOSED
PIPE [0][6] CLOSED
PIPE [0][6] CLOSED
PIPE [0][6] CLOSED
PIPE [0][7] CLOSED
PIPE [0][6] CLOSED
PIPE [3][4] CLOSED
PIPE [3][5] CLOSED
PIPE [3][6] CLOSED
PIPE [0][8] CLOSED
PIPE [0][8] CLOSED
PIPE [0][7] CLOSED
PIPE [0][7] CLOSED
PIPE [0][7] CLOSED
PIPE [0][7] CLOSED
PIPE [0][7] CLOSED
PIPE [0][7] CLOSED
PIPE [0][8] CLOSED
PIPE [3][7] CLOSED
PIPE [0][9] CLOSED
PIPE [0][9] CLOSED
PIPE [0][8] CLOSED
PIPE [0][8] CLOSED
PIPE [0][8] CLOSED
PIPE [0][8] CLOSED
PIPE [0][8] CLOSED
PIPE [0][9] CLOSED
PIPE [0][8] CLOSED
PIPE [3][8] CLOSED
PIPE [3][9] CLOSED
PIPE [3][10] CLOSED
PIPE [0][10] CLOSED
PIPE [0][10] CLOSED
PIPE [0][9] CLOSED
PIPE [0][9] CLOSED
PIPE [0][9] CLOSED
PIPE [0][9] CLOSED
PIPE [0][9] CLOSED
PIPE [0][9] CLOSED
PIPE [0][10] CLOSED
PIPE [4][0] CLOSED
PIPE [4][1] CLOSED
PIPE [4][2] CLOSED
PIPE [1][0] CLOSED
PIPE [2][0] CLOSED
PIPE [0][10] CLOSED
PIPE [0][10] CLOSED
PIPE [0][10] CLOSED
PIPE [0][10] CLOSED
PIPE [1][0] CLOSED
PIPE [0][10] CLOSED
PIPE [0][10] CLOSED
PIPE [4][3] CLOSED
PIPE [1][2] CLOSED
PIPE [4][5] CLOSED
PIPE [4][6] CLOSED
PIPE [4][7] CLOSED
PIPE [2][1] CLOSED
PIPE [1][0] CLOSED
PIPE [1][0] CLOSED
PIPE [1][0] CLOSED
PIPE [1][0] CLOSED
PIPE [1][3] CLOSED
PIPE [1][2] CLOSED
PIPE [1][0] CLOSED
PIPE [1][0] CLOSED
PIPE [4][8] CLOSED
PIPE [2][3] CLOSED
PIPE [1][2] CLOSED
PIPE [1][2] CLOSED
PIPE [1][2] CLOSED
PIPE [1][2] CLOSED
PIPE [1][4] CLOSED
PIPE [1][3] CLOSED
PIPE [1][2] CLOSED
PIPE [1][2] CLOSED
PIPE [4][9] CLOSED
PIPE [4][10] CLOSED
PIPE [5][0] CLOSED
PIPE [1][3] CLOSED
PIPE [2][4] CLOSED
PIPE [1][3] CLOSED
PIPE [1][3] CLOSED
PIPE [1][3] CLOSED
PIPE [1][5] CLOSED
PIPE [1][4] CLOSED
PIPE [1][3] CLOSED
PIPE [1][3] CLOSED
PIPE [5][1] CLOSED
PIPE [1][4] CLOSED
PIPE [2][5] CLOSED
PIPE [5][2] CLOSED
PIPE [5][3] CLOSED
PIPE [1][4] CLOSED
PIPE [1][5] CLOSED
PIPE [1][4] CLOSED
PIPE [1][4] CLOSED
PIPE [1][4] CLOSED
PIPE [1][6] CLOSED
PIPE [1][4] CLOSED
PIPE [1][5] CLOSED
PIPE [2][6] CLOSED
PIPE [5][4] CLOSED
PIPE [1][5] CLOSED
PIPE [1][6] CLOSED
PIPE [1][5] CLOSED
PIPE [1][5] CLOSED
PIPE [1][5] CLOSED
PIPE [1][7] CLOSED
PIPE [1][5] CLOSED
PIPE [2][7] CLOSED
PIPE [1][6] CLOSED
PIPE [5][6] CLOSED
PIPE [1][6] CLOSED
PIPE [1][7] CLOSED
PIPE [1][6] CLOSED
PIPE [1][6] CLOSED
PIPE [1][6] CLOSED
PIPE [1][8] CLOSED
PIPE [1][6] CLOSED
PIPE [2][8] CLOSED
PIPE [1][7] CLOSED
PIPE [5][7] CLOSED
PIPE [1][7] CLOSED
PIPE [5][8] CLOSED
PIPE [1][8] CLOSED
PIPE [1][7] CLOSED
PIPE [1][7] CLOSED
PIPE [1][7] CLOSED
PIPE [1][7] CLOSED
PIPE [1][8] CLOSED
PIPE [1][9] CLOSED
PIPE [1][8] CLOSED
PIPE [2][9] CLOSED
PIPE [5][9] CLOSED
PIPE [1][9] CLOSED
PIPE [1][8] CLOSED
PIPE [1][8] CLOSED
PIPE [1][8] CLOSED
PIPE [1][8] CLOSED
PIPE [1][9] CLOSED
PIPE [1][9] CLOSED
PIPE [1][10] CLOSED
PIPE [2][10] CLOSED
PIPE [5][10] CLOSED
PIPE [1][10] CLOSED
PIPE [1][9] CLOSED
PIPE [1][9] CLOSED
PIPE [1][9] CLOSED
PIPE [1][9] CLOSED
PIPE [1][10] CLOSED
PIPE [1][10] CLOSED
PIPE [3][0] CLOSED
PIPE [3][0] CLOSED
PIPE [6][0] CLOSED
PIPE [2][0] CLOSED
PIPE [1][10] CLOSED
PIPE [1][10] CLOSED
PIPE [1][10] CLOSED
PIPE [1][10] CLOSED
PIPE [2][0] CLOSED
PIPE [2][0] CLOSED
PIPE [3][1] CLOSED
PIPE [3][1] CLOSED
PIPE [6][1] CLOSED
PIPE [2][1] CLOSED
PIPE [2][0] CLOSED
PIPE [2][0] CLOSED
PIPE [2][0] CLOSED
PIPE [2][0] CLOSED
PIPE [2][1] CLOSED
PIPE [2][1] CLOSED
PIPE [6][2] CLOSED
PIPE [3][2] CLOSED
PIPE [3][2] CLOSED
PIPE [2][3] CLOSED
PIPE [2][1] CLOSED
PIPE [2][1] CLOSED
PIPE [2][3] CLOSED
PIPE [2][1] CLOSED
PIPE [2][1] CLOSED
PIPE [6][3] CLOSED
PIPE [2][3] CLOSED
PIPE [3][4] CLOSED
PIPE [3][4] CLOSED
PIPE [2][3] CLOSED
PIPE [2][4] CLOSED
PIPE [2][3] CLOSED
PIPE [2][4] CLOSED
PIPE [2][3] CLOSED
PIPE [2][3] CLOSED
PIPE [6][4] CLOSED
PIPE [3][5] CLOSED
PIPE [3][5] CLOSED
PIPE [2][4] CLOSED
PIPE [2][4] CLOSED
PIPE [2][5] CLOSED
PIPE [2][4] CLOSED
PIPE [2][5] CLOSED
PIPE [2][4] CLOSED
PIPE [2][4] CLOSED
PIPE [6][5] CLOSED
PIPE [3][6] CLOSED
PIPE [3][6] CLOSED
PIPE [2][5] CLOSED
PIPE [2][5] CLOSED
PIPE [2][6] CLOSED
PIPE [2][5] CLOSED
PIPE [2][6] CLOSED
PIPE [2][5] CLOSED
PIPE [2][5] CLOSED
PIPE [6][7] CLOSED
PIPE [3][7] CLOSED
PIPE [3][7] CLOSED
PIPE [2][6] CLOSED
PIPE [2][6] CLOSED
PIPE [2][7] CLOSED
PIPE [2][7] CLOSED
PIPE [2][6] CLOSED
PIPE [2][6] CLOSED
PIPE [2][6] CLOSED
PIPE [6][8] CLOSED
PIPE [3][8] CLOSED
PIPE [3][8] CLOSED
PIPE [2][7] CLOSED
PIPE [2][7] CLOSED
PIPE [2][8] CLOSED
PIPE [2][8] CLOSED
PIPE [2][7] CLOSED
PIPE [2][7] CLOSED
PIPE [2][7] CLOSED
PIPE [6][9] CLOSED
PIPE [3][9] CLOSED
PIPE [3][9] CLOSED
PIPE [2][8] CLOSED
PIPE [2][8] CLOSED
PIPE [2][9] CLOSED
PIPE [2][9] CLOSED
PIPE [2][8] CLOSED
PIPE [2][8] CLOSED
PIPE [2][8] CLOSED
PIPE [6][10] CLOSED
PIPE [3][10] CLOSED
PIPE [3][10] CLOSED
PIPE [2][9] CLOSED
PIPE [2][9] CLOSED
PIPE [2][10] CLOSED
PIPE [2][10] CLOSED
PIPE [2][9] CLOSED
PIPE [2][9] CLOSED
PIPE [2][9] CLOSED
PIPE [7][0] CLOSED
PIPE [4][0] CLOSED
PIPE [4][0] CLOSED
PIPE [2][10] CLOSED
PIPE [2][10] CLOSED
PIPE [3][0] CLOSED
PIPE [3][0] CLOSED
PIPE [2][10] CLOSED
PIPE [2][10] CLOSED
PIPE [2][10] CLOSED
PIPE [7][1] CLOSED
PIPE [4][1] CLOSED
PIPE [4][1] CLOSED
PIPE [3][0] CLOSED
PIPE [3][0] CLOSED
PIPE [3][1] CLOSED
PIPE [3][0] CLOSED
PIPE [3][1] CLOSED
PIPE [3][0] CLOSED
PIPE [3][0] CLOSED
PIPE [7][2] CLOSED
PIPE [4][2] CLOSED
PIPE [4][2] CLOSED
PIPE [3][1] CLOSED
PIPE [3][1] CLOSED
PIPE [3][2] CLOSED
PIPE [3][1] CLOSED
PIPE [3][1] CLOSED
PIPE [3][2] CLOSED
PIPE [3][1] CLOSED
PIPE [7][3] CLOSED
PIPE [4][3] CLOSED
PIPE [4][3] CLOSED
PIPE [3][2] CLOSED
PIPE [3][2] CLOSED
PIPE [3][4] CLOSED
PIPE [3][2] CLOSED
PIPE [3][2] CLOSED
PIPE [3][4] CLOSED
PIPE [3][2] CLOSED
PIPE [7][4] CLOSED
PIPE [4][5] CLOSED
PIPE [4][5] CLOSED
PIPE [3][4] CLOSED
PIPE [3][4] CLOSED
PIPE [3][5] CLOSED
PIPE [3][4] CLOSED
PIPE [3][4] CLOSED
PIPE [3][5] CLOSED
PIPE [3][4] CLOSED
PIPE [7][5] CLOSED
PIPE [4][6] CLOSED
PIPE [4][6] CLOSED
PIPE [3][5] CLOSED
PIPE [3][5] CLOSED
PIPE [3][6] CLOSED
PIPE [3][5] CLOSED
PIPE [3][5] CLOSED
PIPE [3][6] CLOSED
PIPE [3][5] CLOSED
PIPE [7][6] CLOSED
PIPE [4][7] CLOSED
PIPE [4][7] CLOSED
PIPE [3][6] CLOSED
PIPE [3][6] CLOSED
PIPE [3][7] CLOSED
PIPE [3][6] CLOSED
PIPE [3][6] CLOSED
PIPE [3][7] CLOSED
PIPE [3][6] CLOSED
PIPE [7][8] CLOSED
PIPE [4][8] CLOSED
PIPE [4][8] CLOSED
PIPE [3][7] CLOSED
PIPE [3][8] CLOSED
PIPE [3][7] CLOSED
PIPE [3][8] CLOSED
PIPE [3][7] CLOSED
PIPE [3][7] CLOSED
PIPE [3][7] CLOSED
PIPE [7][9] CLOSED
PIPE [4][9] CLOSED
PIPE [4][9] CLOSED
PIPE [3][8] CLOSED
PIPE [3][9] CLOSED
PIPE [3][8] CLOSED
PIPE [3][9] CLOSED
PIPE [3][8] CLOSED
PIPE [3][8] CLOSED
PIPE [3][8] CLOSED
PIPE [7][10] CLOSED
PIPE [4][10] CLOSED
PIPE [3][9] CLOSED
PIPE [4][10] CLOSED
PIPE [3][10] CLOSED
PIPE [3][9] CLOSED
PIPE [3][9] CLOSED
PIPE [3][10] CLOSED
PIPE [3][9] CLOSED
PIPE [3][9] CLOSED
PIPE [8][0] CLOSED
PIPE [5][0] CLOSED
PIPE [3][10] CLOSED
PIPE [5][0] CLOSED
PIPE [4][0] CLOSED
PIPE [3][10] CLOSED
PIPE [3][10] CLOSED
PIPE [4][0] CLOSED
PIPE [3][10] CLOSED
PIPE [3][10] CLOSED
PIPE [8][1] CLOSED
PIPE [5][1] CLOSED
PIPE [4][0] CLOSED
PIPE [5][1] CLOSED
PIPE [4][1] CLOSED
PIPE [5][0] CLOSED
PIPE [4][0] CLOSED
PIPE [4][1] CLOSED
PIPE [4][0] CLOSED
PIPE [4][0] CLOSED
PIPE [8][2] CLOSED
PIPE [5][2] CLOSED
PIPE [4][1] CLOSED
PIPE [5][2] CLOSED
PIPE [4][2] CLOSED
PIPE [5][1] CLOSED
PIPE [4][1] CLOSED
PIPE [4][2] CLOSED
PIPE [4][1] CLOSED
PIPE [4][1] CLOSED
PIPE [8][3] CLOSED
PIPE [5][3] CLOSED
PIPE [4][2] CLOSED
PIPE [5][3] CLOSED
PIPE [4][3] CLOSED
PIPE [5][2] CLOSED
PIPE [4][2] CLOSED
PIPE [4][3] CLOSED
PIPE [4][2] CLOSED
PIPE [4][2] CLOSED
PIPE [8][4] CLOSED
PIPE [5][4] CLOSED
PIPE [4][3] CLOSED
PIPE [5][4] CLOSED
PIPE [4][5] CLOSED
PIPE [5][3] CLOSED
PIPE [4][3] CLOSED
PIPE [4][5] CLOSED
PIPE [4][3] CLOSED
PIPE [4][3] CLOSED
PIPE [8][5] CLOSED
PIPE [5][6] CLOSED
PIPE [4][5] CLOSED
PIPE [5][6] CLOSED
PIPE [4][6] CLOSED
PIPE [5][4] CLOSED
PIPE [4][5] CLOSED
PIPE [4][6] CLOSED
PIPE [4][5] CLOSED
PIPE [4][5] CLOSED
PIPE [8][6] CLOSED
PIPE [5][7] CLOSED
PIPE [4][6] CLOSED
PIPE [5][7] CLOSED
PIPE [5][6] CLOSED
PIPE [4][7] CLOSED
PIPE [4][6] CLOSED
PIPE [4][7] CLOSED
PIPE [4][6] CLOSED
PIPE [4][6] CLOSED
PIPE [8][7] CLOSED
PIPE [5][8] CLOSED
PIPE [4][7] CLOSED
PIPE [5][8] CLOSED
PIPE [5][7] CLOSED
PIPE [4][7] CLOSED
PIPE [4][8] CLOSED
PIPE [4][8] CLOSED
PIPE [4][7] CLOSED
PIPE [4][7] CLOSED
PIPE [8][9] CLOSED
PIPE [5][9] CLOSED
PIPE [4][8] CLOSED
PIPE [5][9] CLOSED
PIPE [5][8] CLOSED
PIPE [4][8] CLOSED
PIPE [4][9] CLOSED
PIPE [4][9] CLOSED
PIPE [4][8] CLOSED
PIPE [4][8] CLOSED
PIPE [8][10] CLOSED
PIPE [5][10] CLOSED
PIPE [4][9] CLOSED
PIPE [5][10] CLOSED
PIPE [5][9] CLOSED
PIPE [4][9] CLOSED
PIPE [4][10] CLOSED
PIPE [4][10] CLOSED
PIPE [4][9] CLOSED
PIPE [4][9] CLOSED
PIPE [9][0] CLOSED
PIPE [6][0] CLOSED
PIPE [4][10] CLOSED
PIPE [6][0] CLOSED
PIPE [5][10] CLOSED
PIPE [5][0] CLOSED
PIPE [4][10] CLOSED
PIPE [4][10] CLOSED
PIPE [5][0] CLOSED
PIPE [4][10] CLOSED
PIPE [9][1] CLOSED
PIPE [6][1] CLOSED
PIPE [6][0] CLOSED
PIPE [6][1] CLOSED
PIPE [6][0] CLOSED
PIPE [9][2] CLOSED
PIPE [5][0] CLOSED
PIPE [5][1] CLOSED
PIPE [6][1] CLOSED
PIPE [6][2] CLOSED
PIPE [5][0] CLOSED
PIPE [6][2] CLOSED
PIPE [5][1] CLOSED
PIPE [5][0] CLOSED
PIPE [9][3] CLOSED
PIPE [5][1] CLOSED
PIPE [5][2] CLOSED
PIPE [6][2] CLOSED
PIPE [6][1] CLOSED
PIPE [6][3] CLOSED
PIPE [6][3] CLOSED
PIPE [5][1] CLOSED
PIPE [5][2] CLOSED
PIPE [5][1] CLOSED
PIPE [9][4] CLOSED
PIPE [5][2] CLOSED
PIPE [5][3] CLOSED
PIPE [6][3] CLOSED
PIPE [6][2] CLOSED
PIPE [6][4] CLOSED
PIPE [6][4] CLOSED
PIPE [5][2] CLOSED
PIPE [5][2] CLOSED
PIPE [5][3] CLOSED
PIPE [9][5] CLOSED
PIPE [5][4] CLOSED
PIPE [6][4] CLOSED
PIPE [5][3] CLOSED
PIPE [6][3] CLOSED
PIPE [6][5] CLOSED
PIPE [5][3] CLOSED
PIPE [6][5] CLOSED
PIPE [5][4] CLOSED
PIPE [5][3] CLOSED
PIPE [9][6] CLOSED
PIPE [5][6] CLOSED
PIPE [6][5] CLOSED
PIPE [5][4] CLOSED
PIPE [6][4] CLOSED
PIPE [6][7] CLOSED
PIPE [5][4] CLOSED
PIPE [6][7] CLOSED
PIPE [5][4] CLOSED
PIPE [5][6] CLOSED
PIPE [9][7] CLOSED
PIPE [5][7] CLOSED
PIPE [6][7] CLOSED
PIPE [5][6] CLOSED
PIPE [6][5] CLOSED
PIPE [6][8] CLOSED
PIPE [5][6] CLOSED
PIPE [6][8] CLOSED
PIPE [5][7] CLOSED
PIPE [5][6] CLOSED
PIPE [9][8] CLOSED
PIPE [5][8] CLOSED
PIPE [6][8] CLOSED
PIPE [5][7] CLOSED
PIPE [6][7] CLOSED
PIPE [6][9] CLOSED
PIPE [5][7] CLOSED
PIPE [6][9] CLOSED
PIPE [5][8] CLOSED
PIPE [5][7] CLOSED
PIPE [9][10] CLOSED
PIPE [5][9] CLOSED
PIPE [6][9] CLOSED
PIPE [5][8] CLOSED
PIPE [6][8] CLOSED
PIPE [6][10] CLOSED
PIPE [5][8] CLOSED
PIPE [6][10] CLOSED
PIPE [5][9] CLOSED
PIPE [5][8] CLOSED
PIPE [10][0] CLOSED
PIPE [5][10] CLOSED
PIPE [6][10] CLOSED
PIPE [5][9] CLOSED
PIPE [6][9] CLOSED
PIPE [7][0] CLOSED
PIPE [5][9] CLOSED
PIPE [7][0] CLOSED
PIPE [5][10] CLOSED
PIPE [5][9] CLOSED
PIPE [10][1] CLOSED
PIPE [6][0] CLOSED
PIPE [7][0] CLOSED
PIPE [5][10] CLOSED
PIPE [6][10] CLOSED
PIPE [7][1] CLOSED
PIPE [5][10] CLOSED
PIPE [7][1] CLOSED
PIPE [5][10] CLOSED
PIPE [7][0] CLOSED
PIPE [10][2] CLOSED
PIPE [6][1] CLOSED
PIPE [7][1] CLOSED
PIPE [6][0] CLOSED
PIPE [7][0] CLOSED
PIPE [7][2] CLOSED
PIPE [6][0] CLOSED
PIPE [7][2] CLOSED
PIPE [6][0] CLOSED
PIPE [7][1] CLOSED
PIPE [10][3] CLOSED
PIPE [6][2] CLOSED
PIPE [7][2] CLOSED
PIPE [6][1] CLOSED
PIPE [7][1] CLOSED
PIPE [7][3] CLOSED
PIPE [6][1] CLOSED
PIPE [7][3] CLOSED
PIPE [6][1] CLOSED
PIPE [7][2] CLOSED
PIPE [10][4] CLOSED
PIPE [6][3] CLOSED
PIPE [7][3] CLOSED
PIPE [6][2] CLOSED
PIPE [7][2] CLOSED
PIPE [7][4] CLOSED
PIPE [6][2] CLOSED
PIPE [7][4] CLOSED
PIPE [6][2] CLOSED
PIPE [7][3] CLOSED
PIPE [10][5] CLOSED
PIPE [6][4] CLOSED
PIPE [7][4] CLOSED
PIPE [6][3] CLOSED
PIPE [7][3] CLOSED
PIPE [7][5] CLOSED
PIPE [6][3] CLOSED
PIPE [7][5] CLOSED
PIPE [6][3] CLOSED
PIPE [7][4] CLOSED
PIPE [10][6] CLOSED
PIPE [6][5] CLOSED
PIPE [7][5] CLOSED
PIPE [6][4] CLOSED
PIPE [7][4] CLOSED
PIPE [7][6] CLOSED
PIPE [7][6] CLOSED
PIPE [6][4] CLOSED
PIPE [7][5] CLOSED
PIPE [6][4] CLOSED
PIPE [10][7] CLOSED
PIPE [6][7] CLOSED
PIPE [7][6] CLOSED
PIPE [6][5] CLOSED
PIPE [7][5] CLOSED
PIPE [7][8] CLOSED
PIPE [7][8] CLOSED
PIPE [7][6] CLOSED
PIPE [6][5] CLOSED
PIPE [6][5] CLOSED
PIPE [10][8] CLOSED
PIPE [6][8] CLOSED
PIPE [7][8] CLOSED
PIPE [6][7] CLOSED
PIPE [7][6] CLOSED
PIPE [7][9] CLOSED
PIPE [7][8] CLOSED
PIPE [7][9] CLOSED
PIPE [6][7] CLOSED
PIPE [6][7] CLOSED
PIPE [10][9] CLOSED
PIPE [6][9] CLOSED
PIPE [7][9] CLOSED
PIPE [6][8] CLOSED
PIPE [7][10] CLOSED
PIPE [7][8] CLOSED
PIPE [6][8] CLOSED
PIPE [7][10] CLOSED
PIPE [7][9] CLOSED
PIPE [6][8] CLOSED
PIPE [7][10] CLOSED
PIPE [6][9] CLOSED
PIPE [6][10] CLOSED
PIPE [7][9] CLOSED
PIPE [8][0] CLOSED
PIPE [6][9] CLOSED
PIPE [6][9] CLOSED
PIPE [7][10] CLOSED
PIPE [8][0] CLOSED
PIPE [8][0] CLOSED
PIPE [6][10] CLOSED
PIPE [7][0] CLOSED
PIPE [7][10] CLOSED
PIPE [8][1] CLOSED
PIPE [6][10] CLOSED
PIPE [6][10] CLOSED
PIPE [8][0] CLOSED
PIPE [8][1] CLOSED
PIPE [8][1] CLOSED
PIPE [7][0] CLOSED
PIPE [7][1] CLOSED
PIPE [8][0] CLOSED
PIPE [8][2] CLOSED
PIPE [7][0] CLOSED
PIPE [8][0] CLOSED
PIPE [8][1] CLOSED
PIPE [8][2] CLOSED
PIPE [8][2] CLOSED
PIPE [7][1] CLOSED
PIPE [7][2] CLOSED
PIPE [8][1] CLOSED
PIPE [7][1] CLOSED
PIPE [8][3] CLOSED
PIPE [8][1] CLOSED
PIPE [8][2] CLOSED
PIPE [8][3] CLOSED
PIPE [8][3] CLOSED
PIPE [7][2] CLOSED
PIPE [7][3] CLOSED
PIPE [8][2] CLOSED
PIPE [7][2] CLOSED
PIPE [8][4] CLOSED
PIPE [8][2] CLOSED
PIPE [8][3] CLOSED
PIPE [8][4] CLOSED
PIPE [8][4] CLOSED
PIPE [7][3] CLOSED
PIPE [7][4] CLOSED
PIPE [8][3] CLOSED
PIPE [7][3] CLOSED
PIPE [8][5] CLOSED
PIPE [8][3] CLOSED
PIPE [8][4] CLOSED
PIPE [8][5] CLOSED
PIPE [8][5] CLOSED
PIPE [7][4] CLOSED
PIPE [7][5] CLOSED
PIPE [8][4] CLOSED
PIPE [7][4] CLOSED
PIPE [8][6] CLOSED
PIPE [8][4] CLOSED
PIPE [8][6] CLOSED
PIPE [8][5] CLOSED
PIPE [8][6] CLOSED
PIPE [7][6] CLOSED
PIPE [7][5] CLOSED
PIPE [8][5] CLOSED
PIPE [7][5] CLOSED
PIPE [8][7] CLOSED
PIPE [8][5] CLOSED
PIPE [8][7] CLOSED
PIPE [8][6] CLOSED
PIPE [8][7] CLOSED
PIPE [7][8] CLOSED
PIPE [7][6] CLOSED
PIPE [8][6] CLOSED
PIPE [7][6] CLOSED
PIPE [8][9] CLOSED
PIPE [8][9] CLOSED
PIPE [8][6] CLOSED
PIPE [8][7] CLOSED
PIPE [8][9] CLOSED
PIPE [7][9] CLOSED
PIPE [7][8] CLOSED
PIPE [8][7] CLOSED
PIPE [7][8] CLOSED
PIPE [8][10] CLOSED
PIPE [8][10] CLOSED
PIPE [8][7] CLOSED
PIPE [8][9] CLOSED
PIPE [8][10] CLOSED
PIPE [7][10] CLOSED
PIPE [8][9] CLOSED
PIPE [7][9] CLOSED
PIPE [7][9] CLOSED
PIPE [9][0] CLOSED
PIPE [9][0] CLOSED
PIPE [8][9] CLOSED
PIPE [8][10] CLOSED
PIPE [9][0] CLOSED
PIPE [9][0] CLOSED
PIPE [8][10] CLOSED
PIPE [7][10] CLOSED
PIPE [7][10] CLOSED
PIPE [9][1] CLOSED
PIPE [9][1] CLOSED
PIPE [8][10] CLOSED
PIPE [9][0] CLOSED
PIPE [9][1] CLOSED
PIPE [9][1] CLOSED
PIPE [9][0] CLOSED
PIPE [8][0] CLOSED
PIPE [8][0] CLOSED
PIPE [9][2] CLOSED
PIPE [9][2] CLOSED
PIPE [9][0] CLOSED
PIPE [9][1] CLOSED
PIPE [9][2] CLOSED
PIPE [9][2] CLOSED
PIPE [9][1] CLOSED
PIPE [8][1] CLOSED
PIPE [8][1] CLOSED
PIPE [9][3] CLOSED
PIPE [9][3] CLOSED
PIPE [9][1] CLOSED
PIPE [9][2] CLOSED
PIPE [9][3] CLOSED
PIPE [9][3] CLOSED
PIPE [9][2] CLOSED
PIPE [8][2] CLOSED
PIPE [8][2] CLOSED
PIPE [9][4] CLOSED
PIPE [9][4] CLOSED
PIPE [9][2] CLOSED
PIPE [9][3] CLOSED
PIPE [9][4] CLOSED
PIPE [9][4] CLOSED
PIPE [9][3] CLOSED
PIPE [8][3] CLOSED
PIPE [8][3] CLOSED
PIPE [9][5] CLOSED
PIPE [9][5] CLOSED
PIPE [9][4] CLOSED
PIPE [9][3] CLOSED
PIPE [9][5] CLOSED
PIPE [9][5] CLOSED
PIPE [9][4] CLOSED
PIPE [8][4] CLOSED
PIPE [8][4] CLOSED
PIPE [9][6] CLOSED
PIPE [9][6] CLOSED
PIPE [9][5] CLOSED
PIPE [9][4] CLOSED
PIPE [9][6] CLOSED
PIPE [9][6] CLOSED
PIPE [9][5] CLOSED
PIPE [8][5] CLOSED
PIPE [8][5] CLOSED
PIPE [9][7] CLOSED
PIPE [9][7] CLOSED
PIPE [9][6] CLOSED
PIPE [9][5] CLOSED
PIPE [9][7] CLOSED
PIPE [9][7] CLOSED
PIPE [9][6] CLOSED
PIPE [8][6] CLOSED
PIPE [9][8] CLOSED
PIPE [8][6] CLOSED
PIPE [9][6] CLOSED
PIPE [9][7] CLOSED
PIPE [9][8] CLOSED
PIPE [9][8] CLOSED
PIPE [9][8] CLOSED
PIPE [9][7] CLOSED
PIPE [8][7] CLOSED
PIPE [9][10] CLOSED
PIPE [8][7] CLOSED
PIPE [9][7] CLOSED
PIPE [9][8] CLOSED
PIPE [9][10] CLOSED
PIPE [9][10] CLOSED
PIPE [9][10] CLOSED
PIPE [9][8] CLOSED
PIPE [8][9] CLOSED
PIPE [10][0] CLOSED
PIPE [8][9] CLOSED
PIPE [9][8] CLOSED
PIPE [9][10] CLOSED
PIPE [10][0] CLOSED
PIPE [10][0] CLOSED
PIPE [10][0] CLOSED
PIPE [9][10] CLOSED
PIPE [8][10] CLOSED
PIPE [10][1] CLOSED
PIPE [8][10] CLOSED
PIPE [9][10] CLOSED
PIPE [10][0] CLOSED
PIPE [10][1] CLOSED
PIPE [10][1] CLOSED
PIPE [10][1] CLOSED
PIPE [10][0] CLOSED
PIPE [10][0] CLOSED
PIPE [10][2] CLOSED
PIPE [10][0] CLOSED
PIPE [9][0] CLOSED
PIPE [10][1] CLOSED
PIPE [10][2] CLOSED
PIPE [10][2] CLOSED
PIPE [10][3] CLOSED
PIPE [10][1] CLOSED
PIPE [10][1] CLOSED
PIPE [10][3] CLOSED
PIPE [10][2] CLOSED
PIPE [10][2] CLOSED
PIPE [10][1] CLOSED
PIPE [9][1] CLOSED
PIPE [10][3] CLOSED
PIPE [10][4] CLOSED
PIPE [10][2] CLOSED
PIPE [10][2] CLOSED
PIPE [10][4] CLOSED
PIPE [10][3] CLOSED
PIPE [10][3] CLOSED
PIPE [10][2] CLOSED
PIPE [9][2] CLOSED
PIPE [10][4] CLOSED
PIPE [10][5] CLOSED
PIPE [10][3] CLOSED
PIPE [10][3] CLOSED
PIPE [10][5] CLOSED
PIPE [10][4] CLOSED
PIPE [10][4] CLOSED
PIPE [10][3] CLOSED
PIPE [9][3] CLOSED
PIPE [10][5] CLOSED
PIPE [10][6] CLOSED
PIPE [10][4] CLOSED
PIPE [10][4] CLOSED
PIPE [10][6] CLOSED
PIPE [10][5] CLOSED
PIPE [10][5] CLOSED
PIPE [10][4] CLOSED
PIPE [9][4] CLOSED
PIPE [10][6] CLOSED
PIPE [10][7] CLOSED
PIPE [10][5] CLOSED
PIPE [10][5] CLOSED
PIPE [10][7] CLOSED
PIPE [10][6] CLOSED
PIPE [10][6] CLOSED
PIPE [10][5] CLOSED
PIPE [9][5] CLOSED
PIPE [10][7] CLOSED
PIPE [10][8] CLOSED
PIPE [10][6] CLOSED
PIPE [10][6] CLOSED
PIPE [10][8] CLOSED
PIPE [10][7] CLOSED
PIPE [10][7] CLOSED
PIPE [10][6] CLOSED
PIPE [9][6] CLOSED
PIPE [10][8] CLOSED
PIPE [10][9] CLOSED
PIPE [10][7] CLOSED
PIPE [10][8] CLOSED
PIPE [10][7] CLOSED
PIPE [10][9] CLOSED
PIPE [10][8] CLOSED
PIPE [10][7] CLOSED
PIPE [9][7] CLOSED
PIPE [10][9] CLOSED
PIPE [10][8] CLOSED
PIPE [10][9] CLOSED
PIPE [9][8] CLOSED
PIPE [10][8] CLOSED
PIPE [10][9] CLOSED
PIPE [10][8] CLOSED
PIPE [10][9] CLOSED
PIPE [9][10] CLOSED
PIPE [10][9] CLOSED
PIPE [10][9] CLOSED
